<?xml version="1.0" encoding="UTF-8"?>
<testng-results skipped="0" failed="1" ignored="0" total="3" passed="2">
  <reporter-output>
  </reporter-output>
  <suite name="Default suite" duration-ms="62" started-at="2019-09-08T12:58:26Z" finished-at="2019-09-08T12:58:26Z">
    <groups>
    </groups>
    <test name="Default test" duration-ms="62" started-at="2019-09-08T12:58:26Z" finished-at="2019-09-08T12:58:26Z">
      <class name="com.java.practice.TC2">
        <test-method status="PASS" signature="bs()[pri:0, instance:com.java.practice.TC2@51efea79]" name="bs" is-config="true" duration-ms="13" started-at="2019-09-08T12:58:25Z" finished-at="2019-09-08T12:58:26Z">
          <reporter-output>
          </reporter-output>
        </test-method> <!-- bs -->
        <test-method status="PASS" signature="bt()[pri:0, instance:com.java.practice.TC2@51efea79]" name="bt" is-config="true" duration-ms="1" started-at="2019-09-08T12:58:26Z" finished-at="2019-09-08T12:58:26Z">
          <reporter-output>
          </reporter-output>
        </test-method> <!-- bt -->
        <test-method status="PASS" signature="bc()[pri:0, instance:com.java.practice.TC2@51efea79]" name="bc" is-config="true" duration-ms="0" started-at="2019-09-08T12:58:26Z" finished-at="2019-09-08T12:58:26Z">
          <reporter-output>
          </reporter-output>
        </test-method> <!-- bc -->
        <test-method status="FAIL" signature="m1()[pri:0, instance:com.java.practice.TC2@51efea79]" name="m1" duration-ms="11" started-at="2019-09-08T12:58:26Z" finished-at="2019-09-08T12:58:26Z">
          <exception class="java.lang.AssertionError">
            <message>
              <![CDATA[expected [true] but found [false]]]>
            </message>
            <full-stacktrace>
              <![CDATA[java.lang.AssertionError: expected [true] but found [false]
at org.testng.Assert.fail(Assert.java:96)
at org.testng.Assert.failNotEquals(Assert.java:776)
at org.testng.Assert.assertEqualsImpl(Assert.java:137)
at org.testng.Assert.assertEquals(Assert.java:118)
at org.testng.Assert.assertEquals(Assert.java:568)
at org.testng.Assert.assertEquals(Assert.java:578)
at com.java.practice.TC2.m1(TC2.java:11)
at sun.reflect.NativeMethodAccessorImpl.invoke0(Native Method)
at sun.reflect.NativeMethodAccessorImpl.invoke(Unknown Source)
at sun.reflect.DelegatingMethodAccessorImpl.invoke(Unknown Source)
at java.lang.reflect.Method.invoke(Unknown Source)
at org.testng.internal.MethodInvocationHelper.invokeMethod(MethodInvocationHelper.java:124)
at org.testng.internal.Invoker.invokeMethod(Invoker.java:583)
at org.testng.internal.Invoker.invokeTestMethod(Invoker.java:719)
at org.testng.internal.Invoker.invokeTestMethods(Invoker.java:989)
at org.testng.internal.TestMethodWorker.invokeTestMethods(TestMethodWorker.java:125)
at org.testng.internal.TestMethodWorker.run(TestMethodWorker.java:109)
at org.testng.TestRunner.privateRun(TestRunner.java:648)
at org.testng.TestRunner.run(TestRunner.java:505)
at org.testng.SuiteRunner.runTest(SuiteRunner.java:455)
at org.testng.SuiteRunner.runSequentially(SuiteRunner.java:450)
at org.testng.SuiteRunner.privateRun(SuiteRunner.java:415)
at org.testng.SuiteRunner.run(SuiteRunner.java:364)
at org.testng.SuiteRunnerWorker.runSuite(SuiteRunnerWorker.java:52)
at org.testng.SuiteRunnerWorker.run(SuiteRunnerWorker.java:84)
at org.testng.TestNG.runSuitesSequentially(TestNG.java:1208)
at org.testng.TestNG.runSuitesLocally(TestNG.java:1137)
at org.testng.TestNG.runSuites(TestNG.java:1049)
at org.testng.TestNG.run(TestNG.java:1017)
at org.testng.remote.AbstractRemoteTestNG.run(AbstractRemoteTestNG.java:115)
at org.testng.remote.RemoteTestNG.initAndRun(RemoteTestNG.java:251)
at org.testng.remote.RemoteTestNG.main(RemoteTestNG.java:77)
]]>
            </full-stacktrace>
          </exception> <!-- java.lang.AssertionError -->
          <reporter-output>
          </reporter-output>
        </test-method> <!-- m1 -->
        <test-method status="PASS" signature="bm()[pri:0, instance:com.java.practice.TC2@51efea79]" name="bm" is-config="true" duration-ms="0" started-at="2019-09-08T12:58:26Z" finished-at="2019-09-08T12:58:26Z">
          <reporter-output>
          </reporter-output>
        </test-method> <!-- bm -->
        <test-method status="PASS" signature="bm()[pri:0, instance:com.java.practice.TC2@51efea79]" name="bm" is-config="true" duration-ms="1" started-at="2019-09-08T12:58:26Z" finished-at="2019-09-08T12:58:26Z">
          <reporter-output>
          </reporter-output>
        </test-method> <!-- bm -->
        <test-method status="PASS" signature="m2()[pri:0, instance:com.java.practice.TC2@51efea79]" name="m2" duration-ms="2" started-at="2019-09-08T12:58:26Z" finished-at="2019-09-08T12:58:26Z">
          <reporter-output>
          </reporter-output>
        </test-method> <!-- m2 -->
        <test-method status="PASS" signature="m3()[pri:0, instance:com.java.practice.TC2@51efea79]" name="m3" duration-ms="1" started-at="2019-09-08T12:58:26Z" finished-at="2019-09-08T12:58:26Z">
          <reporter-output>
          </reporter-output>
        </test-method> <!-- m3 -->
        <test-method status="PASS" signature="bm()[pri:0, instance:com.java.practice.TC2@51efea79]" name="bm" is-config="true" duration-ms="0" started-at="2019-09-08T12:58:26Z" finished-at="2019-09-08T12:58:26Z">
          <reporter-output>
          </reporter-output>
        </test-method> <!-- bm -->
      </class> <!-- com.java.practice.TC2 -->
    </test> <!-- Default test -->
  </suite> <!-- Default suite -->
</testng-results>
